<?xml version="1.0" encoding="UTF-8"?>
<!-- Generated by org.testng.reporters.JUnitXMLReporter -->
<testsuite ignored="0" hostname="JaiNaik" failures="0" tests="2" name="firefoxTest" time="16.714" errors="0" timestamp="2026-07-24T20:15:51 IST">
  <testcase classname="testCases.TestRegistration_001" name="registrationPage" time="1.093"/>
  <testcase classname="testCases.TestRegistration_001" name="registrationPage" time="0.0">
    <skipped/>
  </testcase> <!-- registrationPage -->
</testsuite> <!-- firefoxTest -->
