<?xml version="1.0" encoding="UTF-8"?>
<testng-results ignored="0" total="2" passed="2" failed="0" skipped="0">
  <reporter-output>
  </reporter-output>
  <suite started-at="2026-07-29T22:25:27 IST" name="Suite" finished-at="2026-07-29T22:25:41 IST" duration-ms="13996">
    <groups>
    </groups>
    <test started-at="2026-07-29T22:25:27 IST" name="Test" finished-at="2026-07-29T22:25:41 IST" duration-ms="13996">
      <class name="testCases.TestRegistration_001">
        <test-method is-config="true" signature="setUp(java.lang.String,java.lang.String)[pri:0, instance:testCases.TestRegistration_001@77114efe]" started-at="2026-07-29T22:25:28 IST" name="setUp" finished-at="2026-07-29T22:25:30 IST" duration-ms="2434" status="PASS">
          <params>
            <param index="0">
              <value>
                <![CDATA[windows]]>
              </value>
            </param>
            <param index="1">
              <value>
                <![CDATA[chrome]]>
              </value>
            </param>
          </params>
          <reporter-output>
          </reporter-output>
        </test-method> <!-- setUp -->
        <test-method signature="registrationPage(java.lang.String,java.lang.String,java.lang.String,java.lang.String,java.lang.String)[pri:0, instance:testCases.TestRegistration_001@77114efe]" started-at="2026-07-29T22:25:30 IST" name="registrationPage" data-provider="loginData" finished-at="2026-07-29T22:25:32 IST" duration-ms="1961" status="PASS">
          <params>
            <param index="0">
              <value>
                <![CDATA[Jai]]>
              </value>
            </param>
            <param index="1">
              <value>
                <![CDATA[Naik]]>
              </value>
            </param>
            <param index="2">
              <value>
                <![CDATA[hhhhhnj@gmail.com]]>
              </value>
            </param>
            <param index="3">
              <value>
                <![CDATA[9700147018]]>
              </value>
            </param>
            <param index="4">
              <value>
                <![CDATA[jainaik]]>
              </value>
            </param>
          </params>
          <reporter-output>
          </reporter-output>
        </test-method> <!-- registrationPage -->
        <test-method is-config="true" signature="tearDown()[pri:0, instance:testCases.TestRegistration_001@77114efe]" started-at="2026-07-29T22:25:32 IST" name="tearDown" finished-at="2026-07-29T22:25:32 IST" duration-ms="1" status="PASS">
          <reporter-output>
          </reporter-output>
        </test-method> <!-- tearDown -->
        <test-method is-config="true" signature="setUp(java.lang.String,java.lang.String)[pri:0, instance:testCases.TestRegistration_001@77114efe]" started-at="2026-07-29T22:25:32 IST" name="setUp" finished-at="2026-07-29T22:25:39 IST" duration-ms="6795" status="PASS">
          <params>
            <param index="0">
              <value>
                <![CDATA[windows]]>
              </value>
            </param>
            <param index="1">
              <value>
                <![CDATA[chrome]]>
              </value>
            </param>
          </params>
          <reporter-output>
          </reporter-output>
        </test-method> <!-- setUp -->
        <test-method signature="registrationPage(java.lang.String,java.lang.String,java.lang.String,java.lang.String,java.lang.String)[pri:0, instance:testCases.TestRegistration_001@77114efe]" started-at="2026-07-29T22:25:39 IST" name="registrationPage" data-provider="loginData" finished-at="2026-07-29T22:25:41 IST" duration-ms="1724" status="PASS">
          <params>
            <param index="0">
              <value>
                <![CDATA[Naik]]>
              </value>
            </param>
            <param index="1">
              <value>
                <![CDATA[Jai]]>
              </value>
            </param>
            <param index="2">
              <value>
                <![CDATA[kkkkjnaik@gmail.com]]>
              </value>
            </param>
            <param index="3">
              <value>
                <![CDATA[9700147055]]>
              </value>
            </param>
            <param index="4">
              <value>
                <![CDATA[naikjai]]>
              </value>
            </param>
          </params>
          <reporter-output>
          </reporter-output>
        </test-method> <!-- registrationPage -->
        <test-method is-config="true" signature="tearDown()[pri:0, instance:testCases.TestRegistration_001@77114efe]" started-at="2026-07-29T22:25:41 IST" name="tearDown" finished-at="2026-07-29T22:25:41 IST" duration-ms="0" status="PASS">
          <reporter-output>
          </reporter-output>
        </test-method> <!-- tearDown -->
      </class> <!-- testCases.TestRegistration_001 -->
    </test> <!-- Test -->
  </suite> <!-- Suite -->
</testng-results>
