<?xml version="1.0" encoding="UTF-8"?>
<testng-results ignored="0" total="2" passed="2" failed="0" skipped="0">
  <reporter-output>
  </reporter-output>
  <suite started-at="2026-07-23T22:38:57 IST" name="Suite" finished-at="2026-07-23T22:39:22 IST" duration-ms="25196">
    <groups>
    </groups>
    <test started-at="2026-07-23T22:38:57 IST" name="Test" finished-at="2026-07-23T22:39:22 IST" duration-ms="25196">
      <class name="testCases.TestRegistration_001">
        <test-method is-config="true" signature="setUp(java.lang.String,java.lang.String)[pri:0, instance:testCases.TestRegistration_001@1fc32e4f]" started-at="2026-07-23T22:38:58 IST" name="setUp" finished-at="2026-07-23T22:39:01 IST" duration-ms="2974" status="PASS">
          <params>
            <param index="0">
              <value>
                <![CDATA[windows]]>
              </value>
            </param>
            <param index="1">
              <value>
                <![CDATA[chrome]]>
              </value>
            </param>
          </params>
          <reporter-output>
          </reporter-output>
        </test-method> <!-- setUp -->
        <test-method signature="registrationPage(java.lang.String,java.lang.String,java.lang.String,java.lang.String,java.lang.String)[pri:0, instance:testCases.TestRegistration_001@1fc32e4f]" started-at="2026-07-23T22:39:01 IST" name="registrationPage" data-provider="loginData" finished-at="2026-07-23T22:39:05 IST" duration-ms="3811" status="PASS">
          <params>
            <param index="0">
              <value>
                <![CDATA[Jai]]>
              </value>
            </param>
            <param index="1">
              <value>
                <![CDATA[Naik]]>
              </value>
            </param>
            <param index="2">
              <value>
                <![CDATA[nj@gmail.com]]>
              </value>
            </param>
            <param index="3">
              <value>
                <![CDATA[9700147018]]>
              </value>
            </param>
            <param index="4">
              <value>
                <![CDATA[jainaik]]>
              </value>
            </param>
          </params>
          <reporter-output>
          </reporter-output>
        </test-method> <!-- registrationPage -->
        <test-method is-config="true" signature="tearDown()[pri:0, instance:testCases.TestRegistration_001@1fc32e4f]" started-at="2026-07-23T22:39:05 IST" name="tearDown" finished-at="2026-07-23T22:39:05 IST" duration-ms="1" status="PASS">
          <reporter-output>
          </reporter-output>
        </test-method> <!-- tearDown -->
        <test-method is-config="true" signature="setUp(java.lang.String,java.lang.String)[pri:0, instance:testCases.TestRegistration_001@1fc32e4f]" started-at="2026-07-23T22:39:05 IST" name="setUp" finished-at="2026-07-23T22:39:09 IST" duration-ms="4323" status="PASS">
          <params>
            <param index="0">
              <value>
                <![CDATA[windows]]>
              </value>
            </param>
            <param index="1">
              <value>
                <![CDATA[chrome]]>
              </value>
            </param>
          </params>
          <reporter-output>
          </reporter-output>
        </test-method> <!-- setUp -->
        <test-method signature="registrationPage(java.lang.String,java.lang.String,java.lang.String,java.lang.String,java.lang.String)[pri:0, instance:testCases.TestRegistration_001@1fc32e4f]" started-at="2026-07-23T22:39:09 IST" name="registrationPage" data-provider="loginData" finished-at="2026-07-23T22:39:22 IST" duration-ms="13103" status="PASS">
          <params>
            <param index="0">
              <value>
                <![CDATA[Naik]]>
              </value>
            </param>
            <param index="1">
              <value>
                <![CDATA[Jai]]>
              </value>
            </param>
            <param index="2">
              <value>
                <![CDATA[jnaik@gmail.com]]>
              </value>
            </param>
            <param index="3">
              <value>
                <![CDATA[9700147055]]>
              </value>
            </param>
            <param index="4">
              <value>
                <![CDATA[naikjai]]>
              </value>
            </param>
          </params>
          <reporter-output>
          </reporter-output>
        </test-method> <!-- registrationPage -->
        <test-method is-config="true" signature="tearDown()[pri:0, instance:testCases.TestRegistration_001@1fc32e4f]" started-at="2026-07-23T22:39:22 IST" name="tearDown" finished-at="2026-07-23T22:39:22 IST" duration-ms="2" status="PASS">
          <reporter-output>
          </reporter-output>
        </test-method> <!-- tearDown -->
      </class> <!-- testCases.TestRegistration_001 -->
    </test> <!-- Test -->
  </suite> <!-- Suite -->
</testng-results>
