<?xml version="1.0" encoding="UTF-8"?>
<!-- Generated by org.testng.reporters.JUnitReportReporter -->
<testsuite hostname="JaiNaik" failures="0" tests="2" name="testCases.TestRegistration_001" time="8.947" errors="0" timestamp="2026-07-24T20:16:58 IST" skipped="0">
  <testcase classname="testCases.TestRegistration_001" name="registrationPage" time="4.990"/>
  <testcase classname="testCases.TestRegistration_001" name="registrationPage" time="3.957"/>
</testsuite> <!-- testCases.TestRegistration_001 -->
