<?xml version="1.0" encoding="UTF-8"?>
<!-- Generated by org.testng.reporters.JUnitReportReporter -->
<testsuite hostname="JaiNaik" failures="0" tests="2" name="testCases.TestRegistration_001" time="12.915" errors="0" timestamp="2026-07-29T22:25:41 IST" skipped="0">
  <testcase classname="testCases.TestRegistration_001" name="registrationPage" time="4.158"/>
  <testcase classname="testCases.TestRegistration_001" name="registrationPage" time="8.757"/>
</testsuite> <!-- testCases.TestRegistration_001 -->
